<?xml version="1.0" encoding="UTF-8"?>
<!-- Generated by org.testng.reporters.JUnitReportReporter -->
<testsuite hostname="DESKTOP-EKMNINB" failures="0" tests="1" name="com.frameworktests.MyTestCaseDemo" time="0.021" errors="0" timestamp="2025-06-10T18:12:52 IST" skipped="0">
  <testcase classname="com.frameworktests.MyTestCaseDemo" name="MyTestCaseDemo1" time="0.021"/>
</testsuite> <!-- com.frameworktests.MyTestCaseDemo -->
