<?xml version="1.0" encoding="UTF-8"?>
<!-- Generated by org.testng.reporters.JUnitReportReporter -->
<testsuite hostname="DESKTOP-EKMNINB" failures="0" tests="1" name="aster24acom.frameworktests.TestCasesDemo" time="0.029" errors="0" timestamp="2025-06-01T10:13:43 IST" skipped="0">
  <testcase classname="aster24acom.frameworktests.TestCasesDemo" name="myFirstTestCase" time="0.029"/>
</testsuite> <!-- aster24acom.frameworktests.TestCasesDemo -->
